example/build/app/intermediates/manifest_merge_blame_file/debug/processDebugMainManifest/manifest-merger-blame-debug-report.txt
1<?xml version="1.0" encoding="utf-8"?>
2<manifest xmlns:android="http://schemas.android.com/apk/res/android"
3    package="io.flutter.plugins.cameraexample"
4    android:versionCode="1"
5    android:versionName="1.0" >
6
7    <uses-sdk
8        android:minSdkVersion="21"
9        android:targetSdkVersion="35" />
10
11    <uses-feature
11-->src/main/AndroidManifest.xml:23:3-25:30
12        android:name="android.hardware.camera"
12-->src/main/AndroidManifest.xml:24:5-43
13        android:required="true" />
13-->src/main/AndroidManifest.xml:25:5-28
14
15    <uses-permission android:name="android.permission.INTERNET" />
15-->src/main/AndroidManifest.xml:27:3-64
15-->src/main/AndroidManifest.xml:27:20-62
16    <uses-permission android:name="android.permission.FLASHLIGHT" />
16-->src/main/AndroidManifest.xml:28:3-66
16-->src/main/AndroidManifest.xml:28:20-64
17    <uses-permission android:name="android.permission.CAMERA" />
17-->[:camera_android] AndroidManifest.xml:7:5-65
17-->[:camera_android] AndroidManifest.xml:7:22-62
18    <uses-permission android:name="android.permission.RECORD_AUDIO" />
18-->[:camera_android] AndroidManifest.xml:8:5-71
18-->[:camera_android] AndroidManifest.xml:8:22-68
19    <uses-permission android:name="android.permission.ACCESS_NETWORK_STATE" />
19-->[androidx.media3:media3-common:1.4.0] AndroidManifest.xml:22:5-79
19-->[androidx.media3:media3-common:1.4.0] AndroidManifest.xml:22:22-76
20
21    <permission
21-->[androidx.core:core:1.13.1] AndroidManifest.xml:22:5-24:47
22        android:name="io.flutter.plugins.cameraexample.DYNAMIC_RECEIVER_NOT_EXPORTED_PERMISSION"
22-->[androidx.core:core:1.13.1] AndroidManifest.xml:23:9-81
23        android:protectionLevel="signature" />
23-->[androidx.core:core:1.13.1] AndroidManifest.xml:24:9-44
24
25    <uses-permission android:name="io.flutter.plugins.cameraexample.DYNAMIC_RECEIVER_NOT_EXPORTED_PERMISSION" />
25-->[androidx.core:core:1.13.1] AndroidManifest.xml:26:5-97
25-->[androidx.core:core:1.13.1] AndroidManifest.xml:26:22-94
26
27    <application
27-->src/main/AndroidManifest.xml:4:3-21:17
28        android:appComponentFactory="androidx.core.app.CoreComponentFactory"
28-->[androidx.core:core:1.13.1] AndroidManifest.xml:28:18-86
29        android:debuggable="true"
30        android:extractNativeLibs="true"
31        android:icon="@mipmap/ic_launcher"
31-->src/main/AndroidManifest.xml:5:5-39
32        android:label="camera_example" >
32-->src/main/AndroidManifest.xml:6:5-35
33        <activity
33-->src/main/AndroidManifest.xml:7:5-19:16
34            android:name="io.flutter.embedding.android.FlutterActivity"
34-->src/main/AndroidManifest.xml:12:7-66
35            android:configChanges="orientation|keyboardHidden|keyboard|screenSize|locale|layoutDirection"
35-->src/main/AndroidManifest.xml:8:7-100
36            android:exported="true"
36-->src/main/AndroidManifest.xml:10:7-30
37            android:hardwareAccelerated="true"
37-->src/main/AndroidManifest.xml:9:7-41
38            android:launchMode="singleTop"
38-->src/main/AndroidManifest.xml:11:7-37
39            android:theme="@style/LaunchTheme"
39-->src/main/AndroidManifest.xml:13:7-41
40            android:windowSoftInputMode="adjustResize" >
40-->src/main/AndroidManifest.xml:14:7-49
41            <intent-filter>
41-->src/main/AndroidManifest.xml:15:7-18:23
42                <action android:name="android.intent.action.MAIN" />
42-->src/main/AndroidManifest.xml:16:9-60
42-->src/main/AndroidManifest.xml:16:17-58
43
44                <category android:name="android.intent.category.LAUNCHER" />
44-->src/main/AndroidManifest.xml:17:9-68
44-->src/main/AndroidManifest.xml:17:19-66
45            </intent-filter>
46        </activity>
47
48        <meta-data
48-->src/main/AndroidManifest.xml:20:5-67
49            android:name="flutterEmbedding"
49-->src/main/AndroidManifest.xml:20:16-47
50            android:value="2" />
50-->src/main/AndroidManifest.xml:20:48-65
51
52        <uses-library
52-->[androidx.window:window:1.2.0] AndroidManifest.xml:23:9-25:40
53            android:name="androidx.window.extensions"
53-->[androidx.window:window:1.2.0] AndroidManifest.xml:24:13-54
54            android:required="false" />
54-->[androidx.window:window:1.2.0] AndroidManifest.xml:25:13-37
55        <uses-library
55-->[androidx.window:window:1.2.0] AndroidManifest.xml:26:9-28:40
56            android:name="androidx.window.sidecar"
56-->[androidx.window:window:1.2.0] AndroidManifest.xml:27:13-51
57            android:required="false" />
57-->[androidx.window:window:1.2.0] AndroidManifest.xml:28:13-37
58
59        <provider
59-->[androidx.lifecycle:lifecycle-process:2.7.0] AndroidManifest.xml:24:9-32:20
60            android:name="androidx.startup.InitializationProvider"
60-->[androidx.lifecycle:lifecycle-process:2.7.0] AndroidManifest.xml:25:13-67
61            android:authorities="io.flutter.plugins.cameraexample.androidx-startup"
61-->[androidx.lifecycle:lifecycle-process:2.7.0] AndroidManifest.xml:26:13-68
62            android:exported="false" >
62-->[androidx.lifecycle:lifecycle-process:2.7.0] AndroidManifest.xml:27:13-37
63            <meta-data
63-->[androidx.lifecycle:lifecycle-process:2.7.0] AndroidManifest.xml:29:13-31:52
64                android:name="androidx.lifecycle.ProcessLifecycleInitializer"
64-->[androidx.lifecycle:lifecycle-process:2.7.0] AndroidManifest.xml:30:17-78
65                android:value="androidx.startup" />
65-->[androidx.lifecycle:lifecycle-process:2.7.0] AndroidManifest.xml:31:17-49
66            <meta-data
66-->[androidx.profileinstaller:profileinstaller:1.3.1] AndroidManifest.xml:29:13-31:52
67                android:name="androidx.profileinstaller.ProfileInstallerInitializer"
67-->[androidx.profileinstaller:profileinstaller:1.3.1] AndroidManifest.xml:30:17-85
68                android:value="androidx.startup" />
68-->[androidx.profileinstaller:profileinstaller:1.3.1] AndroidManifest.xml:31:17-49
69        </provider>
70
71        <receiver
71-->[androidx.profileinstaller:profileinstaller:1.3.1] AndroidManifest.xml:34:9-52:20
72            android:name="androidx.profileinstaller.ProfileInstallReceiver"
72-->[androidx.profileinstaller:profileinstaller:1.3.1] AndroidManifest.xml:35:13-76
73            android:directBootAware="false"
73-->[androidx.profileinstaller:profileinstaller:1.3.1] AndroidManifest.xml:36:13-44
74            android:enabled="true"
74-->[androidx.profileinstaller:profileinstaller:1.3.1] AndroidManifest.xml:37:13-35
75            android:exported="true"
75-->[androidx.profileinstaller:profileinstaller:1.3.1] AndroidManifest.xml:38:13-36
76            android:permission="android.permission.DUMP" >
76-->[androidx.profileinstaller:profileinstaller:1.3.1] AndroidManifest.xml:39:13-57
77            <intent-filter>
77-->[androidx.profileinstaller:profileinstaller:1.3.1] AndroidManifest.xml:40:13-42:29
78                <action android:name="androidx.profileinstaller.action.INSTALL_PROFILE" />
78-->[androidx.profileinstaller:profileinstaller:1.3.1] AndroidManifest.xml:41:17-91
78-->[androidx.profileinstaller:profileinstaller:1.3.1] AndroidManifest.xml:41:25-88
79            </intent-filter>
80            <intent-filter>
80-->[androidx.profileinstaller:profileinstaller:1.3.1] AndroidManifest.xml:43:13-45:29
81                <action android:name="androidx.profileinstaller.action.SKIP_FILE" />
81-->[androidx.profileinstaller:profileinstaller:1.3.1] AndroidManifest.xml:44:17-85
81-->[androidx.profileinstaller:profileinstaller:1.3.1] AndroidManifest.xml:44:25-82
82            </intent-filter>
83            <intent-filter>
83-->[androidx.profileinstaller:profileinstaller:1.3.1] AndroidManifest.xml:46:13-48:29
84                <action android:name="androidx.profileinstaller.action.SAVE_PROFILE" />
84-->[androidx.profileinstaller:profileinstaller:1.3.1] AndroidManifest.xml:47:17-88
84-->[androidx.profileinstaller:profileinstaller:1.3.1] AndroidManifest.xml:47:25-85
85            </intent-filter>
86            <intent-filter>
86-->[androidx.profileinstaller:profileinstaller:1.3.1] AndroidManifest.xml:49:13-51:29
87                <action android:name="androidx.profileinstaller.action.BENCHMARK_OPERATION" />
87-->[androidx.profileinstaller:profileinstaller:1.3.1] AndroidManifest.xml:50:17-95
87-->[androidx.profileinstaller:profileinstaller:1.3.1] AndroidManifest.xml:50:25-92
88            </intent-filter>
89        </receiver>
90    </application>
91
92</manifest>